# JRE version: OpenJDK Runtime Environment Temurin-21.0.10+7 (21.0.10+7) (build 21.0.10+7-LTS)
# Java VM: OpenJDK 64-Bit Server VM Temurin-21.0.10+7 (21.0.10+7-LTS, mixed mode, sharing, tiered, compressed oops, compressed class ptrs, parallel gc, windows-amd64)
GC Precious Log:
 CardTable entry size: 512
 CPUs: 12 total, 12 available
 Memory: 16068M
 Large Page Support: Disabled
 NUMA Support: Disabled
 Compressed Oops: Enabled (32-bit)
 Alignments: Space 512K, Generation 512K, Heap 2M
 Heap Min Capacity: 100M
 Heap Initial Capacity: 100M
 Heap Max Capacity: 2G
 Pre-touch: Disabled
 Parallel Workers: 10
Heap:
 PSYoungGen      total 7168K, used 2170K [0x00000000d5580000, 0x00000000d5f00000, 0x0000000100000000)
  eden space 6144K, 19% used [0x00000000d5580000,0x00000000d56b2090,0x00000000d5b80000)
  from space 1024K, 92% used [0x00000000d5e00000,0x00000000d5eec948,0x00000000d5f00000)
  to   space 1536K, 0% used [0x00000000d5c00000,0x00000000d5c00000,0x00000000d5d80000)
 ParOldGen       total 212992K, used 212628K [0x0000000080000000, 0x000000008d000000, 0x00000000d5580000)
  object space 212992K, 99% used [0x0000000080000000,0x000000008cfa5370,0x000000008d000000)
 Metaspace       used 76305K, committed 77824K, reserved 1179648K
  class space    used 8006K, committed 8704K, reserved 1048576K
GC Heap History (20 events):
Event: 111.339 GC heap before
{Heap before GC invocations=252 (full 3):
 PSYoungGen      total 7168K, used 7168K [0x00000000d5580000, 0x00000000d5e80000, 0x0000000100000000)
  eden space 6656K, 100% used [0x00000000d5580000,0x00000000d5c00000,0x00000000d5c00000)
  from space 512K, 100% used [0x00000000d5e00000,0x00000000d5e80000,0x00000000d5e80000)
  to   space 1024K, 0% used [0x00000000d5c80000,0x00000000d5c80000,0x00000000d5d80000)
 ParOldGen       total 198144K, used 197857K [0x0000000080000000, 0x000000008c180000, 0x00000000d5580000)
  object space 198144K, 99% used [0x0000000080000000,0x000000008c138760,0x000000008c180000)
 Metaspace       used 75655K, committed 77248K, reserved 1179648K
  class space    used 7970K, committed 8704K, reserved 1048576K
}
Event: 111.346 GC heap after
{Heap after GC invocations=252 (full 3):
 PSYoungGen      total 7680K, used 570K [0x00000000d5580000, 0x00000000d5e80000, 0x0000000100000000)
  eden space 6656K, 0% used [0x00000000d5580000,0x00000000d5580000,0x00000000d5c00000)
  from space 1024K, 55% used [0x00000000d5c80000,0x00000000d5d0e8e8,0x00000000d5d80000)
  to   space 1024K, 0% used [0x00000000d5d80000,0x00000000d5d80000,0x00000000d5e80000)
 ParOldGen       total 198656K, used 198177K [0x0000000080000000, 0x000000008c200000, 0x00000000d5580000)
  object space 198656K, 99% used [0x0000000080000000,0x000000008c188760,0x000000008c200000)
 Metaspace       used 75655K, committed 77248K, reserved 1179648K
  class space    used 7970K, committed 8704K, reserved 1048576K
}
Event: 113.391 GC heap before
{Heap before GC invocations=253 (full 3):
 PSYoungGen      total 7680K, used 7226K [0x00000000d5580000, 0x00000000d5e80000, 0x0000000100000000)
  eden space 6656K, 100% used [0x00000000d5580000,0x00000000d5c00000,0x00000000d5c00000)
  from space 1024K, 55% used [0x00000000d5c80000,0x00000000d5d0e8e8,0x00000000d5d80000)
  to   space 1024K, 0% used [0x00000000d5d80000,0x00000000d5d80000,0x00000000d5e80000)
 ParOldGen       total 198656K, used 198177K [0x0000000080000000, 0x000000008c200000, 0x00000000d5580000)
  object space 198656K, 99% used [0x0000000080000000,0x000000008c188760,0x000000008c200000)
 Metaspace       used 75985K, committed 77568K, reserved 1179648K
  class space    used 7999K, committed 8704K, reserved 1048576K
}
Event: 113.399 GC heap after
{Heap after GC invocations=253 (full 3):
 PSYoungGen      total 7168K, used 1005K [0x00000000d5580000, 0x00000000d6000000, 0x0000000100000000)
  eden space 6144K, 0% used [0x00000000d5580000,0x00000000d5580000,0x00000000d5b80000)
  from space 1024K, 98% used [0x00000000d5d80000,0x00000000d5e7b510,0x00000000d5e80000)
  to   space 2048K, 0% used [0x00000000d5b80000,0x00000000d5b80000,0x00000000d5d80000)
 ParOldGen       total 199168K, used 198702K [0x0000000080000000, 0x000000008c280000, 0x00000000d5580000)
  object space 199168K, 99% used [0x0000000080000000,0x000000008c20b918,0x000000008c280000)
 Metaspace       used 75985K, committed 77568K, reserved 1179648K
  class space    used 7999K, committed 8704K, reserved 1048576K
}
Event: 113.945 GC heap before
{Heap before GC invocations=254 (full 3):
 PSYoungGen      total 7168K, used 7097K [0x00000000d5580000, 0x00000000d6000000, 0x0000000100000000)
  eden space 6144K, 99% used [0x00000000d5580000,0x00000000d5b731a8,0x00000000d5b80000)
  from space 1024K, 98% used [0x00000000d5d80000,0x00000000d5e7b510,0x00000000d5e80000)
  to   space 2048K, 0% used [0x00000000d5b80000,0x00000000d5b80000,0x00000000d5d80000)
 ParOldGen       total 199168K, used 198702K [0x0000000080000000, 0x000000008c280000, 0x00000000d5580000)
  object space 199168K, 99% used [0x0000000080000000,0x000000008c20b918,0x000000008c280000)
 Metaspace       used 76036K, committed 77568K, reserved 1179648K
  class space    used 8001K, committed 8704K, reserved 1048576K
}
Event: 113.956 GC heap after
{Heap after GC invocations=254 (full 3):
 PSYoungGen      total 8192K, used 2039K [0x00000000d5580000, 0x00000000d6780000, 0x0000000100000000)
  eden space 6144K, 0% used [0x00000000d5580000,0x00000000d5580000,0x00000000d5b80000)
  from space 2048K, 99% used [0x00000000d5b80000,0x00000000d5d7de38,0x00000000d5d80000)
  to   space 6144K, 0% used [0x00000000d6180000,0x00000000d6180000,0x00000000d6780000)
 ParOldGen       total 201728K, used 201677K [0x0000000080000000, 0x000000008c500000, 0x00000000d5580000)
  object space 201728K, 99% used [0x0000000080000000,0x000000008c4f37b0,0x000000008c500000)
 Metaspace       used 76036K, committed 77568K, reserved 1179648K
  class space    used 8001K, committed 8704K, reserved 1048576K
}
Event: 114.352 GC heap before
{Heap before GC invocations=255 (full 3):
 PSYoungGen      total 8192K, used 8183K [0x00000000d5580000, 0x00000000d6780000, 0x0000000100000000)
  eden space 6144K, 99% used [0x00000000d5580000,0x00000000d5b7fff8,0x00000000d5b80000)
  from space 2048K, 99% used [0x00000000d5b80000,0x00000000d5d7de38,0x00000000d5d80000)
  to   space 6144K, 0% used [0x00000000d6180000,0x00000000d6180000,0x00000000d6780000)
 ParOldGen       total 201728K, used 201677K [0x0000000080000000, 0x000000008c500000, 0x00000000d5580000)
  object space 201728K, 99% used [0x0000000080000000,0x000000008c4f37b0,0x000000008c500000)
 Metaspace       used 76048K, committed 77632K, reserved 1179648K
  class space    used 8001K, committed 8704K, reserved 1048576K
}
Event: 114.361 GC heap after
{Heap after GC invocations=255 (full 3):
 PSYoungGen      total 10752K, used 4124K [0x00000000d5580000, 0x00000000d6600000, 0x0000000100000000)
  eden space 6144K, 0% used [0x00000000d5580000,0x00000000d5580000,0x00000000d5b80000)
  from space 4608K, 89% used [0x00000000d6180000,0x00000000d65872a8,0x00000000d6600000)
  to   space 4608K, 0% used [0x00000000d5d00000,0x00000000d5d00000,0x00000000d6180000)
 ParOldGen       total 203776K, used 203738K [0x0000000080000000, 0x000000008c700000, 0x00000000d5580000)
  object space 203776K, 99% used [0x0000000080000000,0x000000008c6f6890,0x000000008c700000)
 Metaspace       used 76048K, committed 77632K, reserved 1179648K
  class space    used 8001K, committed 8704K, reserved 1048576K
}
Event: 115.687 GC heap before
{Heap before GC invocations=256 (full 3):
 PSYoungGen      total 10752K, used 10268K [0x00000000d5580000, 0x00000000d6600000, 0x0000000100000000)
  eden space 6144K, 100% used [0x00000000d5580000,0x00000000d5b80000,0x00000000d5b80000)
  from space 4608K, 89% used [0x00000000d6180000,0x00000000d65872a8,0x00000000d6600000)
  to   space 4608K, 0% used [0x00000000d5d00000,0x00000000d5d00000,0x00000000d6180000)
 ParOldGen       total 203776K, used 203738K [0x0000000080000000, 0x000000008c700000, 0x00000000d5580000)
  object space 203776K, 99% used [0x0000000080000000,0x000000008c6f6890,0x000000008c700000)
 Metaspace       used 76101K, committed 77696K, reserved 1179648K
  class space    used 8002K, committed 8704K, reserved 1048576K
}
Event: 115.700 GC heap after
{Heap after GC invocations=256 (full 3):
 PSYoungGen      total 7168K, used 704K [0x00000000d5580000, 0x00000000d6200000, 0x0000000100000000)
  eden space 6144K, 0% used [0x00000000d5580000,0x00000000d5580000,0x00000000d5b80000)
  from space 1024K, 68% used [0x00000000d5d00000,0x00000000d5db0000,0x00000000d5e00000)
  to   space 2048K, 0% used [0x00000000d6000000,0x00000000d6000000,0x00000000d6200000)
 ParOldGen       total 207872K, used 207671K [0x0000000080000000, 0x000000008cb00000, 0x00000000d5580000)
  object space 207872K, 99% used [0x0000000080000000,0x000000008cacde20,0x000000008cb00000)
 Metaspace       used 76101K, committed 77696K, reserved 1179648K
  class space    used 8002K, committed 8704K, reserved 1048576K
}
Event: 116.797 GC heap before
{Heap before GC invocations=257 (full 3):
 PSYoungGen      total 7168K, used 6848K [0x00000000d5580000, 0x00000000d6200000, 0x0000000100000000)
  eden space 6144K, 100% used [0x00000000d5580000,0x00000000d5b80000,0x00000000d5b80000)
  from space 1024K, 68% used [0x00000000d5d00000,0x00000000d5db0000,0x00000000d5e00000)
  to   space 2048K, 0% used [0x00000000d6000000,0x00000000d6000000,0x00000000d6200000)
 ParOldGen       total 207872K, used 207671K [0x0000000080000000, 0x000000008cb00000, 0x00000000d5580000)
  object space 207872K, 99% used [0x0000000080000000,0x000000008cacde20,0x000000008cb00000)
 Metaspace       used 76152K, committed 77696K, reserved 1179648K
  class space    used 8004K, committed 8704K, reserved 1048576K
}
Event: 116.805 GC heap after
{Heap after GC invocations=257 (full 3):
 PSYoungGen      total 8192K, used 2037K [0x00000000d5580000, 0x00000000d6200000, 0x0000000100000000)
  eden space 6144K, 0% used [0x00000000d5580000,0x00000000d5580000,0x00000000d5b80000)
  from space 2048K, 99% used [0x00000000d6000000,0x00000000d61fd778,0x00000000d6200000)
  to   space 3072K, 0% used [0x00000000d5c00000,0x00000000d5c00000,0x00000000d5f00000)
 ParOldGen       total 208384K, used 208287K [0x0000000080000000, 0x000000008cb80000, 0x00000000d5580000)
  object space 208384K, 99% used [0x0000000080000000,0x000000008cb67ea0,0x000000008cb80000)
 Metaspace       used 76152K, committed 77696K, reserved 1179648K
  class space    used 8004K, committed 8704K, reserved 1048576K
}
Event: 117.316 GC heap before
{Heap before GC invocations=258 (full 3):
 PSYoungGen      total 8192K, used 8181K [0x00000000d5580000, 0x00000000d6200000, 0x0000000100000000)
  eden space 6144K, 100% used [0x00000000d5580000,0x00000000d5b80000,0x00000000d5b80000)
  from space 2048K, 99% used [0x00000000d6000000,0x00000000d61fd778,0x00000000d6200000)
  to   space 3072K, 0% used [0x00000000d5c00000,0x00000000d5c00000,0x00000000d5f00000)
 ParOldGen       total 208384K, used 208287K [0x0000000080000000, 0x000000008cb80000, 0x00000000d5580000)
  object space 208384K, 99% used [0x0000000080000000,0x000000008cb67ea0,0x000000008cb80000)
 Metaspace       used 76189K, committed 77760K, reserved 1179648K
  class space    used 8004K, committed 8704K, reserved 1048576K
}
Event: 117.319 GC heap after
{Heap after GC invocations=258 (full 3):
 PSYoungGen      total 9216K, used 320K [0x00000000d5580000, 0x00000000d6080000, 0x0000000100000000)
  eden space 6144K, 0% used [0x00000000d5580000,0x00000000d5580000,0x00000000d5b80000)
  from space 3072K, 10% used [0x00000000d5c00000,0x00000000d5c50000,0x00000000d5f00000)
  to   space 1536K, 0% used [0x00000000d5f00000,0x00000000d5f00000,0x00000000d6080000)
 ParOldGen       total 208896K, used 208710K [0x0000000080000000, 0x000000008cc00000, 0x00000000d5580000)
  object space 208896K, 99% used [0x0000000080000000,0x000000008cbd1898,0x000000008cc00000)
 Metaspace       used 76189K, committed 77760K, reserved 1179648K
  class space    used 8004K, committed 8704K, reserved 1048576K
}
Event: 118.036 GC heap before
{Heap before GC invocations=259 (full 3):
 PSYoungGen      total 9216K, used 6464K [0x00000000d5580000, 0x00000000d6080000, 0x0000000100000000)
  eden space 6144K, 100% used [0x00000000d5580000,0x00000000d5b80000,0x00000000d5b80000)
  from space 3072K, 10% used [0x00000000d5c00000,0x00000000d5c50000,0x00000000d5f00000)
  to   space 1536K, 0% used [0x00000000d5f00000,0x00000000d5f00000,0x00000000d6080000)
 ParOldGen       total 208896K, used 208710K [0x0000000080000000, 0x000000008cc00000, 0x00000000d5580000)
  object space 208896K, 99% used [0x0000000080000000,0x000000008cbd1898,0x000000008cc00000)
 Metaspace       used 76206K, committed 77760K, reserved 1179648K
  class space    used 8004K, committed 8704K, reserved 1048576K
}
Event: 118.043 GC heap after
{Heap after GC invocations=259 (full 3):
 PSYoungGen      total 7680K, used 1504K [0x00000000d5580000, 0x00000000d6080000, 0x0000000100000000)
  eden space 6144K, 0% used [0x00000000d5580000,0x00000000d5580000,0x00000000d5b80000)
  from space 1536K, 97% used [0x00000000d5f00000,0x00000000d6078010,0x00000000d6080000)
  to   space 2560K, 0% used [0x00000000d5b80000,0x00000000d5b80000,0x00000000d5e00000)
 ParOldGen       total 209408K, used 209134K [0x0000000080000000, 0x000000008cc80000, 0x00000000d5580000)
  object space 209408K, 99% used [0x0000000080000000,0x000000008cc3b898,0x000000008cc80000)
 Metaspace       used 76206K, committed 77760K, reserved 1179648K
  class space    used 8004K, committed 8704K, reserved 1048576K
}
Event: 118.336 GC heap before
{Heap before GC invocations=260 (full 3):
 PSYoungGen      total 7680K, used 7648K [0x00000000d5580000, 0x00000000d6080000, 0x0000000100000000)
  eden space 6144K, 100% used [0x00000000d5580000,0x00000000d5b80000,0x00000000d5b80000)
  from space 1536K, 97% used [0x00000000d5f00000,0x00000000d6078010,0x00000000d6080000)
  to   space 2560K, 0% used [0x00000000d5b80000,0x00000000d5b80000,0x00000000d5e00000)
 ParOldGen       total 209408K, used 209134K [0x0000000080000000, 0x000000008cc80000, 0x00000000d5580000)
  object space 209408K, 99% used [0x0000000080000000,0x000000008cc3b898,0x000000008cc80000)
 Metaspace       used 76250K, committed 77760K, reserved 1179648K
  class space    used 8004K, committed 8704K, reserved 1048576K
}
Event: 118.346 GC heap after
{Heap after GC invocations=260 (full 3):
 PSYoungGen      total 8704K, used 2080K [0x00000000d5580000, 0x00000000d6080000, 0x0000000100000000)
  eden space 6144K, 0% used [0x00000000d5580000,0x00000000d5580000,0x00000000d5b80000)
  from space 2560K, 81% used [0x00000000d5b80000,0x00000000d5d88010,0x00000000d5e00000)
  to   space 2560K, 0% used [0x00000000d5e00000,0x00000000d5e00000,0x00000000d6080000)
 ParOldGen       total 210944K, used 210686K [0x0000000080000000, 0x000000008ce00000, 0x00000000d5580000)
  object space 210944K, 99% used [0x0000000080000000,0x000000008cdbf8c8,0x000000008ce00000)
 Metaspace       used 76250K, committed 77760K, reserved 1179648K
  class space    used 8004K, committed 8704K, reserved 1048576K
}
Event: 118.743 GC heap before
{Heap before GC invocations=261 (full 3):
 PSYoungGen      total 8704K, used 8224K [0x00000000d5580000, 0x00000000d6080000, 0x0000000100000000)
  eden space 6144K, 100% used [0x00000000d5580000,0x00000000d5b80000,0x00000000d5b80000)
  from space 2560K, 81% used [0x00000000d5b80000,0x00000000d5d88010,0x00000000d5e00000)
  to   space 2560K, 0% used [0x00000000d5e00000,0x00000000d5e00000,0x00000000d6080000)
 ParOldGen       total 210944K, used 210686K [0x0000000080000000, 0x000000008ce00000, 0x00000000d5580000)
  object space 210944K, 99% used [0x0000000080000000,0x000000008cdbf8c8,0x000000008ce00000)
 Metaspace       used 76261K, committed 77824K, reserved 1179648K
  class space    used 8004K, committed 8704K, reserved 1048576K
}
Event: 118.754 GC heap after
{Heap after GC invocations=261 (full 3):
 PSYoungGen      total 7168K, used 946K [0x00000000d5580000, 0x00000000d5f00000, 0x0000000100000000)
  eden space 6144K, 0% used [0x00000000d5580000,0x00000000d5580000,0x00000000d5b80000)
  from space 1024K, 92% used [0x00000000d5e00000,0x00000000d5eec948,0x00000000d5f00000)
  to   space 1536K, 0% used [0x00000000d5c00000,0x00000000d5c00000,0x00000000d5d80000)
 ParOldGen       total 212992K, used 212628K [0x0000000080000000, 0x000000008d000000, 0x00000000d5580000)
  object space 212992K, 99% used [0x0000000080000000,0x000000008cfa5370,0x000000008d000000)
 Metaspace       used 76261K, committed 77824K, reserved 1179648K
  class space    used 8004K, committed 8704K, reserved 1048576K
}

